{"level":"info","message":"🚀 Iniciant servidor WebSocket...","service":"game-server","timestamp":"2026-04-07 18:51:25"}
{"level":"info","message":"Intentant connectar a MongoDB...","service":"game-server","timestamp":"2026-04-07 18:51:25"}
{"level":"info","message":"✅ Connectat a MongoDB correctament","service":"game-server","timestamp":"2026-04-07 18:51:25"}
{"code":13,"codeName":"Unauthorized","errorLabelSet":{},"errorResponse":{"code":13,"codeName":"Unauthorized","errmsg":"Command createIndexes requires authentication","ok":0},"level":"error","message":"❌ Error connectant a MongoDB: Command createIndexes requires authentication","ok":0,"service":"game-server","stack":"MongoServerError: Command createIndexes requires authentication\n    at Connection.sendCommand (/home/super/Escriptori/DAM2_Deberes/M06/RA5/Exercici_3.2/node_modules/mongodb/lib/cmap/connection.js:320:27)\n    at process.processTicksAndRejections (node:internal/process/task_queues:103:5)\n    at async Connection.command (/home/super/Escriptori/DAM2_Deberes/M06/RA5/Exercici_3.2/node_modules/mongodb/lib/cmap/connection.js:344:26)\n    at async Server.command (/home/super/Escriptori/DAM2_Deberes/M06/RA5/Exercici_3.2/node_modules/mongodb/lib/sdam/server.js:208:29)\n    at async tryOperation (/home/super/Escriptori/DAM2_Deberes/M06/RA5/Exercici_3.2/node_modules/mongodb/lib/operations/execute_operation.js:216:32)\n    at async executeOperation (/home/super/Escriptori/DAM2_Deberes/M06/RA5/Exercici_3.2/node_modules/mongodb/lib/operations/execute_operation.js:80:16)\n    at async Collection.createIndex (/home/super/Escriptori/DAM2_Deberes/M06/RA5/Exercici_3.2/node_modules/mongodb/lib/collection.js:373:25)\n    at async connectToMongo (/home/super/Escriptori/DAM2_Deberes/M06/RA5/Exercici_3.2/websocket_server.js:116:5)\n    at async startServer (/home/super/Escriptori/DAM2_Deberes/M06/RA5/Exercici_3.2/websocket_server.js:346:5)","timestamp":"2026-04-07 18:51:25"}
{"level":"info","message":"🚀 Iniciant servidor WebSocket...","service":"game-server","timestamp":"2026-04-07 18:53:47"}
{"level":"info","message":"Intentant connectar a MongoDB...","service":"game-server","timestamp":"2026-04-07 18:53:47"}
{"level":"info","message":"✅ Connectat a MongoDB correctament","service":"game-server","timestamp":"2026-04-07 18:53:47"}
{"level":"info","message":"✅ Col·lecció 'movements' preparada a la BD 'game_db'","service":"game-server","timestamp":"2026-04-07 18:53:47"}
{"level":"info","message":"✅ Servidor WebSocket escoltant a ws://localhost:8080","service":"game-server","timestamp":"2026-04-07 18:53:47"}
{"level":"info","message":"⏱️  Límit d'inactivitat: 10 segons","service":"game-server","timestamp":"2026-04-07 18:53:47"}
{"level":"info","message":"🔌 Nou client connectat desde ::ffff:127.0.0.1","service":"game-server","timestamp":"2026-04-07 18:54:12"}
{"level":"info","message":"🆕 Nova sessió iniciada","playerId":"player_705","service":"game-server","sessionId":"92b0822d-ed0a-4de7-8f3e-deaec63943ef","startTime":"2026-04-07T16:54:17.834Z","timestamp":"2026-04-07 18:54:17"}
{"level":"info","message":"👤 Nou jugador registrat: player_705","service":"game-server","timestamp":"2026-04-07 18:54:17"}
{"duration":"12.74s","level":"info","message":"⏰ Finalitzant sessió per inactivitat","playerId":"player_705","service":"game-server","sessionId":"92b0822d-ed0a-4de7-8f3e-deaec63943ef","timestamp":"2026-04-07 18:54:30","totalMovements":7}
{"distance":4.47,"endPos":"(4, 3)","level":"info","message":"📤 Missatge GAME_OVER enviat al client","service":"game-server","startPos":"(0, 1)","timestamp":"2026-04-07 18:54:30"}
{"level":"info","message":"🆕 Nova sessió iniciada","playerId":"player_705","service":"game-server","sessionId":"48f78eb1-62cb-48d8-89dc-f88b344fc687","startTime":"2026-04-07T16:54:30.595Z","timestamp":"2026-04-07 18:54:30"}
{"level":"info","message":"👤 Nou jugador registrat: player_705","service":"game-server","timestamp":"2026-04-07 18:54:30"}
{"duration":"10.00s","level":"info","message":"⏰ Finalitzant sessió per inactivitat","playerId":"player_705","service":"game-server","sessionId":"48f78eb1-62cb-48d8-89dc-f88b344fc687","timestamp":"2026-04-07 18:54:40","totalMovements":1}
{"level":"info","message":"ℹ️ Sessió finalitzada sense prou moviments per calcular distància","service":"game-server","timestamp":"2026-04-07 18:54:40"}
{"level":"info","message":"🆕 Nova sessió iniciada","playerId":"player_705","service":"game-server","sessionId":"3822300f-c161-4b38-8d82-3c5a4a566f38","startTime":"2026-04-07T16:54:40.862Z","timestamp":"2026-04-07 18:54:40"}
{"level":"info","message":"👤 Nou jugador registrat: player_705","service":"game-server","timestamp":"2026-04-07 18:54:40"}
{"duration":"15.74s","level":"info","message":"⏰ Finalitzant sessió per inactivitat","playerId":"player_705","service":"game-server","sessionId":"3822300f-c161-4b38-8d82-3c5a4a566f38","timestamp":"2026-04-07 18:54:56","totalMovements":61}
{"distance":39.6,"endPos":"(32, -23)","level":"info","message":"📤 Missatge GAME_OVER enviat al client","service":"game-server","startPos":"(4, 5)","timestamp":"2026-04-07 18:54:56"}
{"code":1005,"level":"info","message":"🔴 Client desconnectat","reason":"","service":"game-server","timestamp":"2026-04-07 18:54:59"}
{"level":"info","message":"Iniciant servidor WebSocket...","service":"game-server","timestamp":"2026-04-07 19:12:47"}
{"level":"info","message":"Intentant connectar a MongoDB...","service":"game-server","timestamp":"2026-04-07 19:12:47"}
{"level":"info","message":"Connectat a MongoDB correctament","service":"game-server","timestamp":"2026-04-07 19:12:47"}
{"level":"info","message":"Col·lecció 'movements' preparada a la BD 'game_db'","service":"game-server","timestamp":"2026-04-07 19:12:47"}
{"level":"info","message":"Servidor WebSocket escoltant a ws://localhost:8080","service":"game-server","timestamp":"2026-04-07 19:12:47"}
{"level":"info","message":"Límit d'inactivitat: 10 segons","service":"game-server","timestamp":"2026-04-07 19:12:47"}
{"level":"info","message":"Nou client connectat desde ::ffff:127.0.0.1","service":"game-server","timestamp":"2026-04-07 19:12:54"}
{"level":"info","message":"Nova sessió iniciada","playerId":"player_717","service":"game-server","sessionId":"d72692b0-9219-4c8d-abad-a0f1dd8ce8d0","startTime":"2026-04-07T17:13:01.251Z","timestamp":"2026-04-07 19:13:01"}
{"level":"info","message":"Nou jugador registrat: player_717","service":"game-server","timestamp":"2026-04-07 19:13:01"}
{"code":1005,"level":"info","message":"Client desconnectat","reason":"","service":"game-server","timestamp":"2026-04-07 19:13:10"}
{"level":"info","message":"Finalitzant sessió per desconnexió: player_717","service":"game-server","timestamp":"2026-04-07 19:13:10"}
{"duration":"9.59s","level":"info","message":"Finalitzant sessió per inactivitat","playerId":"player_717","service":"game-server","sessionId":"d72692b0-9219-4c8d-abad-a0f1dd8ce8d0","timestamp":"2026-04-07 19:13:10","totalMovements":54}
{"level":"info","message":"Nou client connectat desde ::ffff:127.0.0.1","service":"game-server","timestamp":"2026-04-07 19:13:14"}
{"level":"info","message":"Nova sessió iniciada","playerId":"player_218","service":"game-server","sessionId":"d1d12539-49c8-4b91-ba4b-a486b48526a6","startTime":"2026-04-07T17:13:16.064Z","timestamp":"2026-04-07 19:13:16"}
{"level":"info","message":"Nou jugador registrat: player_218","service":"game-server","timestamp":"2026-04-07 19:13:16"}
{"duration":"11.68s","level":"info","message":"Finalitzant sessió per inactivitat","playerId":"player_218","service":"game-server","sessionId":"d1d12539-49c8-4b91-ba4b-a486b48526a6","timestamp":"2026-04-07 19:13:27","totalMovements":28}
{"distance":24.02,"endPos":"(25, -1)","level":"info","message":"Missatge GAME_OVER enviat al client","service":"game-server","startPos":"(1, 0)","timestamp":"2026-04-07 19:13:27"}
{"code":1005,"level":"info","message":"Client desconnectat","reason":"","service":"game-server","timestamp":"2026-04-07 19:13:34"}
{"level":"info","message":"Nou client connectat desde ::ffff:127.0.0.1","service":"game-server","timestamp":"2026-04-07 19:15:51"}
{"level":"info","message":"Nova sessió iniciada","playerId":"player_838","service":"game-server","sessionId":"41446122-2dc8-401d-af4a-c384de6a1a6a","startTime":"2026-04-07T17:15:54.088Z","timestamp":"2026-04-07 19:15:54"}
{"level":"info","message":"Nou jugador registrat: player_838","service":"game-server","timestamp":"2026-04-07 19:15:54"}
{"duration":"11.85s","level":"info","message":"Finalitzant sessió per inactivitat","playerId":"player_838","service":"game-server","sessionId":"41446122-2dc8-401d-af4a-c384de6a1a6a","timestamp":"2026-04-07 19:16:05","totalMovements":11}
{"distance":7.07,"endPos":"(5, -6)","level":"info","message":"Missatge GAME_OVER enviat al client","service":"game-server","startPos":"(0, -1)","timestamp":"2026-04-07 19:16:05"}
{"code":1005,"level":"info","message":"Client desconnectat","reason":"","service":"game-server","timestamp":"2026-04-07 19:16:13"}
